Using pre-set license
Built from '2020.3/staging' branch; Version is '2020.3.4f1 (0abb6314276a) revision 703331'; Using compiler version '192528614'; Build Type 'Release'
OS: 'Windows 10 Enterprise; OS build 19042.928; Version 2009; 64bit' Language: 'en' Physical Memory: 7988 MB
BatchMode: 1, IsHumanControllingUs: 0, StartBugReporterOnCrash: 0, Is64bit: 1, IsPro: 0

 COMMAND LINE ARGUMENTS:
D:\Unity\2020.3.4f1\Editor\Unity.exe
-adb2
-batchMode
-noUpm
-name
AssetImportWorker2
-projectPath
D:/Unity Projects/Unity-Projects/two point five D platformer
-logFile
Logs/AssetImportWorker2.log
-srvPort
54805
Successfully changed project path to: D:/Unity Projects/Unity-Projects/two point five D platformer
D:/Unity Projects/Unity-Projects/two point five D platformer
Using Asset Import Pipeline V2.
Refreshing native plugins compatible for Editor in 142.04 ms, found 0 plugins.
Preloading 0 native plugins for Editor in 0.00 ms.
Initialize engine version: 2020.3.4f1 (0abb6314276a)
[Subsystems] Discovering subsystems at path D:/Unity/2020.3.4f1/Editor/Data/Resources/UnitySubsystems
[Subsystems] Discovering subsystems at path D:/Unity Projects/Unity-Projects/two point five D platformer/Assets
GfxDevice: creating device client; threaded=0
Direct3D:
    Version:  Direct3D 11.0 [level 11.0]
    Renderer: NVIDIA GeForce 920M (ID=0x1299)
    Vendor:   
    VRAM:     2009 MB
    Driver:   25.21.14.2531
Shader 'Universal Render Pipeline/Particles/Lit': fallback shader 'Universal Render Pipeline/Particles/SimpleLit' not found
Initialize mono
Mono path[0] = 'D:/Unity/2020.3.4f1/Editor/Data/Managed'
Mono path[1] = 'D:/Unity/2020.3.4f1/Editor/Data/MonoBleedingEdge/lib/mono/unityjit'
Mono config path = 'D:/Unity/2020.3.4f1/Editor/Data/MonoBleedingEdge/etc'
Using monoOptions --debugger-agent=transport=dt_socket,embedding=1,server=y,suspend=n,address=127.0.0.1:56956
Begin MonoManager ReloadAssembly
Registering precompiled unity dll's ...
Register platform support module: D:/Unity/2020.3.4f1/Editor/Data/PlaybackEngines/WindowsStandaloneSupport/UnityEditor.WindowsStandalone.Extensions.dll
Registered in 0.001768 seconds.
Native extension for WindowsStandalone target not found
Refreshing native plugins compatible for Editor in 209.60 ms, found 0 plugins.
Preloading 0 native plugins for Editor in 0.00 ms.
Mono: successfully reloaded assembly
- Completed reload, in  3.043 seconds
Platform modules already initialized, skipping
Registering precompiled user dll's ...
Registered in 0.001887 seconds.
Begin MonoManager ReloadAssembly
Native extension for WindowsStandalone target not found
Refreshing native plugins compatible for Editor in 149.58 ms, found 0 plugins.
Preloading 0 native plugins for Editor in 0.00 ms.
Mono: successfully reloaded assembly
- Completed reload, in  6.400 seconds
Platform modules already initialized, skipping
========================================================================
Worker process is ready to serve import requests
Shader 'Universal Render Pipeline/Particles/Lit': fallback shader 'Universal Render Pipeline/Particles/SimpleLit' not found
Launched and connected shader compiler UnityShaderCompiler.exe after 0.28 seconds
Refreshing native plugins compatible for Editor in 0.73 ms, found 0 plugins.
Preloading 0 native plugins for Editor in 0.00 ms.
Unloading 2845 Unused Serialized files (Serialized files now loaded: 0)
System memory in use before: 182.4 MB.
System memory in use after: 182.3 MB.

Unloading 11 unused Assets to reduce memory usage. Loaded Objects now: 3328.
Total: 20.975400 ms (FindLiveObjects: 11.949900 ms CreateObjectMapping: 0.639700 ms MarkObjects: 7.717300 ms  DeleteObjects: 0.666000 ms)

========================================================================
Received Import Request.
  path: Assets/Animator Controller/Anim.controller
  artifactKey: Guid(57734a4a388dce84eb3bae54e5824171) Importer(815301076,1909f56bfc062723c751e8b465ee728b)
Start importing Assets/Animator Controller/Anim.controller using Guid(57734a4a388dce84eb3bae54e5824171) Importer(815301076,1909f56bfc062723c751e8b465ee728b)  -> (artifact id: 'ea13a1a1113547ca1db466825a392cd3') in 0.571001 seconds
  Import took 0.632232 seconds .

========================================================================
Received Prepare
Registering precompiled user dll's ...
Registered in 0.001862 seconds.
Begin MonoManager ReloadAssembly
Native extension for WindowsStandalone target not found
Refreshing native plugins compatible for Editor in 8.13 ms, found 0 plugins.
Preloading 0 native plugins for Editor in 0.00 ms.
Mono: successfully reloaded assembly
- Completed reload, in  1.735 seconds
Platform modules already initialized, skipping
Switching build target platform(5) subTarget(0) extendedPlatform(0) -> platform(13) subTarget(537395200) extendedPlatform(0)
Shader 'Universal Render Pipeline/Particles/Lit': fallback shader 'Universal Render Pipeline/Particles/SimpleLit' not found
Refreshing native plugins compatible for Editor in 1.11 ms, found 0 plugins.
Preloading 0 native plugins for Editor in 0.00 ms.
Unloading 2613 Unused Serialized files (Serialized files now loaded: 0)
System memory in use before: 156.4 MB.
System memory in use after: 156.3 MB.

Unloading 6 unused Assets to reduce memory usage. Loaded Objects now: 3331.
Total: 4.836200 ms (FindLiveObjects: 1.107600 ms CreateObjectMapping: 0.466200 ms MarkObjects: 2.757300 ms  DeleteObjects: 0.502100 ms)

AssetImportParameters requested are different than current active one (requested -> active):
  custom:graphics/normal-map-encoding: 01000000000000000000000000000000 -> 02000000000000000000000000000000
========================================================================
Received Prepare
Registering precompiled user dll's ...
Registered in 0.001867 seconds.
Begin MonoManager ReloadAssembly
Native extension for WindowsStandalone target not found
Refreshing native plugins compatible for Editor in 0.69 ms, found 0 plugins.
Preloading 0 native plugins for Editor in 0.00 ms.
Mono: successfully reloaded assembly
- Completed reload, in  1.889 seconds
Platform modules already initialized, skipping
Switching build target platform(5) subTarget(0) extendedPlatform(0) -> platform(13) subTarget(537395200) extendedPlatform(0)
Shader 'Universal Render Pipeline/Particles/Lit': fallback shader 'Universal Render Pipeline/Particles/SimpleLit' not found
Refreshing native plugins compatible for Editor in 0.74 ms, found 0 plugins.
Preloading 0 native plugins for Editor in 0.00 ms.
Unloading 2613 Unused Serialized files (Serialized files now loaded: 0)
System memory in use before: 156.5 MB.
System memory in use after: 156.4 MB.

Unloading 6 unused Assets to reduce memory usage. Loaded Objects now: 3334.
Total: 10.397500 ms (FindLiveObjects: 5.404000 ms CreateObjectMapping: 0.393500 ms MarkObjects: 4.168900 ms  DeleteObjects: 0.428600 ms)

AssetImportParameters requested are different than current active one (requested -> active):
  custom:graphics/normal-map-encoding: 01000000000000000000000000000000 -> 02000000000000000000000000000000
========================================================================
Received Prepare
Registering precompiled user dll's ...
Registered in 0.003042 seconds.
Begin MonoManager ReloadAssembly
Native extension for WindowsStandalone target not found
Refreshing native plugins compatible for Editor in 0.73 ms, found 0 plugins.
Preloading 0 native plugins for Editor in 0.00 ms.
Mono: successfully reloaded assembly
- Completed reload, in  1.789 seconds
Platform modules already initialized, skipping
Switching build target platform(5) subTarget(0) extendedPlatform(0) -> platform(13) subTarget(537395200) extendedPlatform(0)
Shader 'Universal Render Pipeline/Particles/Lit': fallback shader 'Universal Render Pipeline/Particles/SimpleLit' not found
Refreshing native plugins compatible for Editor in 0.69 ms, found 0 plugins.
Preloading 0 native plugins for Editor in 0.00 ms.
Unloading 2613 Unused Serialized files (Serialized files now loaded: 0)
System memory in use before: 156.5 MB.
System memory in use after: 156.4 MB.

Unloading 6 unused Assets to reduce memory usage. Loaded Objects now: 3337.
Total: 3.802300 ms (FindLiveObjects: 0.467600 ms CreateObjectMapping: 0.270700 ms MarkObjects: 2.626000 ms  DeleteObjects: 0.436000 ms)

AssetImportParameters requested are different than current active one (requested -> active):
  custom:graphics/normal-map-encoding: 01000000000000000000000000000000 -> 02000000000000000000000000000000
========================================================================
Received Prepare
Registering precompiled user dll's ...
Registered in 0.008983 seconds.
Begin MonoManager ReloadAssembly
Native extension for WindowsStandalone target not found
Refreshing native plugins compatible for Editor in 0.74 ms, found 0 plugins.
Preloading 0 native plugins for Editor in 0.00 ms.
Mono: successfully reloaded assembly
- Completed reload, in  1.826 seconds
Platform modules already initialized, skipping
Switching build target platform(5) subTarget(0) extendedPlatform(0) -> platform(13) subTarget(537395200) extendedPlatform(0)
Shader 'Universal Render Pipeline/Particles/Lit': fallback shader 'Universal Render Pipeline/Particles/SimpleLit' not found
Refreshing native plugins compatible for Editor in 0.70 ms, found 0 plugins.
Preloading 0 native plugins for Editor in 0.00 ms.
Unloading 2613 Unused Serialized files (Serialized files now loaded: 0)
System memory in use before: 156.5 MB.
System memory in use after: 156.4 MB.

Unloading 6 unused Assets to reduce memory usage. Loaded Objects now: 3340.
Total: 9.020900 ms (FindLiveObjects: 0.654900 ms CreateObjectMapping: 5.083800 ms MarkObjects: 2.833000 ms  DeleteObjects: 0.445100 ms)

AssetImportParameters requested are different than current active one (requested -> active):
  custom:graphics/normal-map-encoding: 01000000000000000000000000000000 -> 02000000000000000000000000000000
========================================================================
Received Import Request.
  Time since last request: 4408.011730 seconds.
  path: Assets/Prefab/Joystick.prefab
  artifactKey: Guid(c17c0ee17980c824d9588ba0e5c4daa7) Importer(815301076,1909f56bfc062723c751e8b465ee728b)
Start importing Assets/Prefab/Joystick.prefab using Guid(c17c0ee17980c824d9588ba0e5c4daa7) Importer(815301076,1909f56bfc062723c751e8b465ee728b)  -> (artifact id: '5b0330b72f78febd59f0af0db28d85e8') in 0.278325 seconds
  Import took 0.452885 seconds .

========================================================================
Received Import Request.
  Time since last request: 2.715858 seconds.
  path: Assets/Prefab/Buttons.prefab
  artifactKey: Guid(579cd466b99bbc2408cc3bbb3791cbee) Importer(815301076,1909f56bfc062723c751e8b465ee728b)
Start importing Assets/Prefab/Buttons.prefab using Guid(579cd466b99bbc2408cc3bbb3791cbee) Importer(815301076,1909f56bfc062723c751e8b465ee728b)  -> (artifact id: 'f9fe3116ad9ccafaf285bbde865b81f9') in 0.211856 seconds
  Import took 0.240704 seconds .

========================================================================
Received Import Request.
  Time since last request: 3.308088 seconds.
  path: Assets/Prefab/ybot.prefab
  artifactKey: Guid(2aebdf84bf6ad754b812730bb4aeed04) Importer(815301076,1909f56bfc062723c751e8b465ee728b)
Start importing Assets/Prefab/ybot.prefab using Guid(2aebdf84bf6ad754b812730bb4aeed04) Importer(815301076,1909f56bfc062723c751e8b465ee728b)  -> (artifact id: '76c7e7200509166a07bfa6704dde5918') in 3.104846 seconds
  Import took 3.149817 seconds .

========================================================================
Received Import Request.
  Time since last request: 502.602892 seconds.
  path: Assets/Prefab/obs_vault_low.prefab
  artifactKey: Guid(78308ebb1110b76448589bfe3a367066) Importer(815301076,1909f56bfc062723c751e8b465ee728b)
Start importing Assets/Prefab/obs_vault_low.prefab using Guid(78308ebb1110b76448589bfe3a367066) Importer(815301076,1909f56bfc062723c751e8b465ee728b)  -> (artifact id: 'eb9eeac4b7b48226a62bfdeb7e5863fc') in 0.040282 seconds
  Import took 0.076809 seconds .

========================================================================
Received Import Request.
  Time since last request: 505.751256 seconds.
  path: Assets/Prefab/obs_vault_low.prefab
  artifactKey: Guid(78308ebb1110b76448589bfe3a367066) Importer(815301076,1909f56bfc062723c751e8b465ee728b)
Start importing Assets/Prefab/obs_vault_low.prefab using Guid(78308ebb1110b76448589bfe3a367066) Importer(815301076,1909f56bfc062723c751e8b465ee728b)  -> (artifact id: 'e8aed857b2d5f898c77d4acfb8b75606') in 0.062722 seconds
  Import took 0.115985 seconds .

========================================================================
Received Import Request.
  Time since last request: 0.032245 seconds.
  path: Assets/Prefab/obs_vault_low.prefab
  artifactKey: Guid(78308ebb1110b76448589bfe3a367066) Importer(815301076,1909f56bfc062723c751e8b465ee728b)
Start importing Assets/Prefab/obs_vault_low.prefab using Guid(78308ebb1110b76448589bfe3a367066) Importer(815301076,1909f56bfc062723c751e8b465ee728b)  -> (artifact id: 'e8aed857b2d5f898c77d4acfb8b75606') in 0.018606 seconds
  Import took 0.041375 seconds .

AssetImportWorkerClient::OnTransportError - code=2 error=End of file
