Using pre-set license
Built from '2020.2/release' branch; Version is '2020.2.1f1 (270dd8c3da1c) revision 2559448'; Using compiler version '192528614'; Build Type 'Release'
OS: 'Windows 10  (10.0.0) 64bit' Language: 'en' Physical Memory: 7988 MB
BatchMode: 1, IsHumanControllingUs: 0, StartBugReporterOnCrash: 0, Is64bit: 1, IsPro: 0

 COMMAND LINE ARGUMENTS:
D:\Unity\2020.2.1f1\Editor\Unity.exe
-adb2
-batchMode
-noUpm
-name
AssetImportWorker0
-projectPath
D:/Unity Projects/Unity-Projects/two point five D platformer
-logFile
Logs/AssetImportWorker0.log
-srvPort
61023
Successfully changed project path to: D:/Unity Projects/Unity-Projects/two point five D platformer
D:/Unity Projects/Unity-Projects/two point five D platformer
Using Asset Import Pipeline V2.
Refreshing native plugins compatible for Editor in 90.11 ms, found 0 plugins.
Preloading 0 native plugins for Editor in 0.00 ms.
Initialize engine version: 2020.2.1f1 (270dd8c3da1c)
[Subsystems] Discovering subsystems at path D:/Unity/2020.2.1f1/Editor/Data/Resources/UnitySubsystems
[Subsystems] Discovering subsystems at path D:/Unity Projects/Unity-Projects/two point five D platformer/Assets
GfxDevice: creating device client; threaded=0
Direct3D:
    Version:  Direct3D 11.0 [level 11.0]
    Renderer: NVIDIA GeForce 920M (ID=0x1299)
    Vendor:   
    VRAM:     2009 MB
    Driver:   25.21.14.2531
Initialize mono
Mono path[0] = 'D:/Unity/2020.2.1f1/Editor/Data/Managed'
Mono path[1] = 'D:/Unity/2020.2.1f1/Editor/Data/MonoBleedingEdge/lib/mono/unityjit'
Mono config path = 'D:/Unity/2020.2.1f1/Editor/Data/MonoBleedingEdge/etc'
Using monoOptions --debugger-agent=transport=dt_socket,embedding=1,server=y,suspend=n,address=127.0.0.1:56800
Begin MonoManager ReloadAssembly
Registering precompiled unity dll's ...
Register platform support module: D:/Unity/2020.2.1f1/Editor/Data/PlaybackEngines/WindowsStandaloneSupport/UnityEditor.WindowsStandalone.Extensions.dll
Registered in 0.002110 seconds.
Native extension for WindowsStandalone target not found
Refreshing native plugins compatible for Editor in 87.60 ms, found 0 plugins.
Preloading 0 native plugins for Editor in 0.00 ms.
Invoked RoslynAnalysisRunner static constructor.
RoslynAnalysisRunner will not be running.
RoslynAnalysisRunner has terminated.
Mono: successfully reloaded assembly
- Completed reload, in  2.826 seconds
Platform modules already initialized, skipping
Registering precompiled user dll's ...
Registered in 0.001793 seconds.
Begin MonoManager ReloadAssembly
Native extension for WindowsStandalone target not found
Refreshing native plugins compatible for Editor in 91.86 ms, found 0 plugins.
Preloading 0 native plugins for Editor in 0.00 ms.
Invoked RoslynAnalysisRunner static constructor.
RoslynAnalysisRunner will not be running.
RoslynAnalysisRunner has terminated.
Mono: successfully reloaded assembly
- Completed reload, in  1.858 seconds
Platform modules already initialized, skipping
========================================================================
Worker process is ready to serve import requests
Shader 'Universal Render Pipeline/Particles/Lit': fallback shader 'Universal Render Pipeline/Particles/SimpleLit' not found
Shader 'Universal Render Pipeline/Particles/Lit': fallback shader 'Universal Render Pipeline/Particles/SimpleLit' not found
Launched and connected shader compiler UnityShaderCompiler.exe after 0.27 seconds
Refreshing native plugins compatible for Editor in 0.83 ms, found 0 plugins.
Preloading 0 native plugins for Editor in 0.00 ms.
Unloading 2394 Unused Serialized files (Serialized files now loaded: 0)
System memory in use before: 111.2 MB.
System memory in use after: 109.1 MB.

Unloading 45 unused Assets to reduce memory usage. Loaded Objects now: 2801.
Total: 12.212800 ms (FindLiveObjects: 0.837900 ms CreateObjectMapping: 0.431600 ms MarkObjects: 9.119300 ms  DeleteObjects: 1.821600 ms)

========================================================================
Received Import Request.
  path: Assets/Test/shiny.mat
  artifactKey: Guid(65624eb12f9e36d448caf396b2933d27) Importer(815301076,1909f56bfc062723c751e8b465ee728b)
Start importing Assets/Test/shiny.mat using Guid(65624eb12f9e36d448caf396b2933d27) Importer(815301076,1909f56bfc062723c751e8b465ee728b)  -> (artifact id: 'dd40d0ebf609abda1b34f26cda5c2f6f') in 2.260496 seconds
  Import took 2.357883 seconds .

========================================================================
Received Import Request.
  Time since last request: 0.000329 seconds.
  path: Assets/Test/green.mat
  artifactKey: Guid(b82c62b98fb2f514990bd04a804cb268) Importer(815301076,1909f56bfc062723c751e8b465ee728b)
Start importing Assets/Test/green.mat using Guid(b82c62b98fb2f514990bd04a804cb268) Importer(815301076,1909f56bfc062723c751e8b465ee728b)  -> (artifact id: '93a02b7e09311a19e423df9e25db403c') in 0.017358 seconds
  Import took 0.042834 seconds .

========================================================================
Received Import Request.
  Time since last request: 0.000373 seconds.
  path: Assets/Test/red.mat
  artifactKey: Guid(9049d823d0d9e5a439b54b6cc1057bf5) Importer(815301076,1909f56bfc062723c751e8b465ee728b)
Start importing Assets/Test/red.mat using Guid(9049d823d0d9e5a439b54b6cc1057bf5) Importer(815301076,1909f56bfc062723c751e8b465ee728b)  -> (artifact id: 'ffe1c27381169b4fa4879de56efc3ffa') in 0.018966 seconds
  Import took 0.061234 seconds .

========================================================================
Received Import Request.
  Time since last request: 0.000306 seconds.
  path: Assets/Test/blue.mat
  artifactKey: Guid(0f74ef687a7bf7b429692cf7515ae6de) Importer(815301076,1909f56bfc062723c751e8b465ee728b)
Start importing Assets/Test/blue.mat using Guid(0f74ef687a7bf7b429692cf7515ae6de) Importer(815301076,1909f56bfc062723c751e8b465ee728b)  -> (artifact id: 'a3e59cd7d028860858f251b976d9f325') in 0.013218 seconds
  Import took 0.046825 seconds .

========================================================================
Received Import Request.
  Time since last request: 0.000901 seconds.
  path: Assets/Test/red.mat
  artifactKey: Guid(9049d823d0d9e5a439b54b6cc1057bf5) Importer(815301076,1909f56bfc062723c751e8b465ee728b)
Start importing Assets/Test/red.mat using Guid(9049d823d0d9e5a439b54b6cc1057bf5) Importer(815301076,1909f56bfc062723c751e8b465ee728b)  -> (artifact id: 'ffe1c27381169b4fa4879de56efc3ffa') in 0.029791 seconds
  Import took 0.036365 seconds .

========================================================================
Received Import Request.
  Time since last request: 228.692839 seconds.
  path: Assets/Test
  artifactKey: Guid(f1a0340e8bcac984c806e37ec529761a) Importer(815301076,1909f56bfc062723c751e8b465ee728b)
Start importing Assets/Test using Guid(f1a0340e8bcac984c806e37ec529761a) Importer(815301076,1909f56bfc062723c751e8b465ee728b)  -> (artifact id: '21438216a553f0eb03888720f563d7a0') in 0.002022 seconds
  Import took 0.085721 seconds .

========================================================================
Received Import Request.
  Time since last request: 0.002173 seconds.
  path: Assets/Test
  artifactKey: Guid(f1a0340e8bcac984c806e37ec529761a) Importer(815301076,1909f56bfc062723c751e8b465ee728b)
Start importing Assets/Test using Guid(f1a0340e8bcac984c806e37ec529761a) Importer(815301076,1909f56bfc062723c751e8b465ee728b)  -> (artifact id: '21438216a553f0eb03888720f563d7a0') in 0.003057 seconds
  Import took 0.011026 seconds .

========================================================================
Received Import Request.
  Time since last request: 4.651561 seconds.
  path: Assets/Test/ExampleAssets
  artifactKey: Guid(990f5c2df70993f4987a388ca178996a) Importer(815301076,1909f56bfc062723c751e8b465ee728b)
Start importing Assets/Test/ExampleAssets using Guid(990f5c2df70993f4987a388ca178996a) Importer(815301076,1909f56bfc062723c751e8b465ee728b)  -> (artifact id: '1081c0477419d4e186fa9aa5ff5d3084') in 0.002666 seconds
  Import took 0.153793 seconds .

========================================================================
Received Import Request.
  Time since last request: 0.629133 seconds.
  path: Assets/Test/Materials
  artifactKey: Guid(d0234ba368eeec9418390da711bfdad0) Importer(815301076,1909f56bfc062723c751e8b465ee728b)
Start importing Assets/Test/Materials using Guid(d0234ba368eeec9418390da711bfdad0) Importer(815301076,1909f56bfc062723c751e8b465ee728b)  -> (artifact id: '80039c5bd4f1eb5e28cf5cdb572da2f7') in 0.002382 seconds
  Import took 0.049454 seconds .

========================================================================
Received Import Request.
  Time since last request: 0.108123 seconds.
  path: Assets/Test/Presets
  artifactKey: Guid(558255460b74ec04fa70b5570e9327bd) Importer(815301076,1909f56bfc062723c751e8b465ee728b)
Start importing Assets/Test/Presets using Guid(558255460b74ec04fa70b5570e9327bd) Importer(815301076,1909f56bfc062723c751e8b465ee728b)  -> (artifact id: '1061e733c83d57327630c9865adfde08') in 0.002287 seconds
  Import took 0.011615 seconds .

========================================================================
Received Import Request.
  Time since last request: 0.300362 seconds.
  path: Assets/Test/Scenes
  artifactKey: Guid(2d28f40616400a24fa97ac76c4c4b4e0) Importer(815301076,1909f56bfc062723c751e8b465ee728b)
Start importing Assets/Test/Scenes using Guid(2d28f40616400a24fa97ac76c4c4b4e0) Importer(815301076,1909f56bfc062723c751e8b465ee728b)  -> (artifact id: '053627da0ab2a5a6c93dbea3b39099c6') in 0.002161 seconds
  Import took 0.104347 seconds .

========================================================================
Received Import Request.
  Time since last request: 1.356303 seconds.
  path: Assets/Test/Scenes/Test
  artifactKey: Guid(2ea93c26b1b40d84e8f7a47131be75d6) Importer(815301076,1909f56bfc062723c751e8b465ee728b)
Start importing Assets/Test/Scenes/Test using Guid(2ea93c26b1b40d84e8f7a47131be75d6) Importer(815301076,1909f56bfc062723c751e8b465ee728b)  -> (artifact id: '0e79b9b0bd1ef3f6f06881d5eaf9a706') in 0.101841 seconds
  Import took 0.109468 seconds .

========================================================================
Received Import Request.
  Time since last request: 0.107535 seconds.
  path: Assets/Test/Scenes/Test_Profiles
  artifactKey: Guid(8007c6b2a731f9148b7f963bdf28f80d) Importer(815301076,1909f56bfc062723c751e8b465ee728b)
Start importing Assets/Test/Scenes/Test_Profiles using Guid(8007c6b2a731f9148b7f963bdf28f80d) Importer(815301076,1909f56bfc062723c751e8b465ee728b)  -> (artifact id: '31222952bf17bd2541cded5bc1846e94') in 0.003849 seconds
  Import took 0.056117 seconds .

========================================================================
Received Import Request.
  Time since last request: 0.360609 seconds.
  path: Assets/Test/Scenes/SampleScene.unity
  artifactKey: Guid(dd406e6bcca32c94db1ecda29a17f20f) Importer(815301076,1909f56bfc062723c751e8b465ee728b)
Start importing Assets/Test/Scenes/SampleScene.unity using Guid(dd406e6bcca32c94db1ecda29a17f20f) Importer(815301076,1909f56bfc062723c751e8b465ee728b)  -> (artifact id: '3f17d6c4686683924f7d3743ab7c830c') in 0.003377 seconds
  Import took 0.128418 seconds .

========================================================================
Received Import Request.
  Time since last request: 1.412284 seconds.
  path: Assets/Test/Scenes/Test/Post-process Volume Profile 1.asset
  artifactKey: Guid(66b9d6159c182584eb5b2461d1d63ee7) Importer(815301076,1909f56bfc062723c751e8b465ee728b)
Start importing Assets/Test/Scenes/Test/Post-process Volume Profile 1.asset using Guid(66b9d6159c182584eb5b2461d1d63ee7) Importer(815301076,1909f56bfc062723c751e8b465ee728b)  -> (artifact id: '9c69e68f00e216e3c595ac5e8c9730bd') in 0.023317 seconds
  Import took 0.056330 seconds .

========================================================================
Received Import Request.
  Time since last request: 1.438844 seconds.
  path: Assets/Test/Scenes/SampleSceneLightingSettings.lighting
  artifactKey: Guid(477cc4148fad3449482a3bc3178594e2) Importer(815301076,1909f56bfc062723c751e8b465ee728b)
Start importing Assets/Test/Scenes/SampleSceneLightingSettings.lighting using Guid(477cc4148fad3449482a3bc3178594e2) Importer(815301076,1909f56bfc062723c751e8b465ee728b)  -> (artifact id: '7598880cf574591aa8b1038b900592c8') in 0.012865 seconds
  Import took 0.134872 seconds .

========================================================================
Received Import Request.
  Time since last request: 0.279443 seconds.
  path: Assets/Test/Scenes/Test.unity
  artifactKey: Guid(8a6662726b311b94cb919488629de068) Importer(815301076,1909f56bfc062723c751e8b465ee728b)
Start importing Assets/Test/Scenes/Test.unity using Guid(8a6662726b311b94cb919488629de068) Importer(815301076,1909f56bfc062723c751e8b465ee728b)  -> (artifact id: 'c49dc4cba501c1ad48400188c4feaa4d') in 0.002791 seconds
  Import took 0.011780 seconds .

========================================================================
Received Import Request.
  Time since last request: 0.002733 seconds.
  path: Assets/Test/Scenes/Test.unity
  artifactKey: Guid(8a6662726b311b94cb919488629de068) Importer(815301076,1909f56bfc062723c751e8b465ee728b)
Start importing Assets/Test/Scenes/Test.unity using Guid(8a6662726b311b94cb919488629de068) Importer(815301076,1909f56bfc062723c751e8b465ee728b)  -> (artifact id: 'c49dc4cba501c1ad48400188c4feaa4d') in 0.003977 seconds
  Import took 0.020166 seconds .

========================================================================
Received Import Request.
  Time since last request: 312.215449 seconds.
  path: Assets
  artifactKey: Guid(00000000000000001000000000000000) Importer(815301076,1909f56bfc062723c751e8b465ee728b)
Start importing Assets using Guid(00000000000000001000000000000000) Importer(815301076,1909f56bfc062723c751e8b465ee728b)  -> (artifact id: 'e1a2c4dac9df7c17871e19a3b74f0e9f') in 0.002883 seconds
  Import took 0.144751 seconds .

========================================================================
Received Import Request.
  Time since last request: 1.348104 seconds.
  path: Assets/game features.txt
  artifactKey: Guid(a29b9ff0f3eec77489c88b8cd3df8835) Importer(815301076,1909f56bfc062723c751e8b465ee728b)
Start importing Assets/game features.txt using Guid(a29b9ff0f3eec77489c88b8cd3df8835) Importer(815301076,1909f56bfc062723c751e8b465ee728b)  -> (artifact id: '6cdfaa8cac92921a1958566a7d5c6569') in 0.061879 seconds
  Import took 0.126774 seconds .

========================================================================
Received Import Request.
  Time since last request: 18.785028 seconds.
  path: Assets/Model
  artifactKey: Guid(9a2324768054fae46b5ae364c06ed7a5) Importer(815301076,1909f56bfc062723c751e8b465ee728b)
Start importing Assets/Model using Guid(9a2324768054fae46b5ae364c06ed7a5) Importer(815301076,1909f56bfc062723c751e8b465ee728b)  -> (artifact id: 'b896d5967b7edc8c26d0c1c50299ab2c') in 0.002351 seconds
  Import took 0.032752 seconds .

========================================================================
Received Import Request.
  Time since last request: 13.007064 seconds.
  path: Assets/Model 1
  artifactKey: Guid(d8cbaff3e25a825468fb2d70392672b5) Importer(815301076,1909f56bfc062723c751e8b465ee728b)
Start importing Assets/Model 1 using Guid(d8cbaff3e25a825468fb2d70392672b5) Importer(815301076,1909f56bfc062723c751e8b465ee728b)  -> (artifact id: '40f0d63d0150a59d59d6924da83b533d') in 0.003778 seconds
  Import took 0.025044 seconds .

========================================================================
Received Import Request.
  Time since last request: 3.796566 seconds.
  path: Assets/Prefab
  artifactKey: Guid(d8cbaff3e25a825468fb2d70392672b5) Importer(815301076,1909f56bfc062723c751e8b465ee728b)
Start importing Assets/Prefab using Guid(d8cbaff3e25a825468fb2d70392672b5) Importer(815301076,1909f56bfc062723c751e8b465ee728b)  -> (artifact id: 'aa9aa763edb71199d6eb5fb69814371a') in 0.002309 seconds
  Import took 0.026144 seconds .

========================================================================
Received Import Request.
  Time since last request: 2.493894 seconds.
  path: Assets/Prefab 1
  artifactKey: Guid(d0964df198317b44887b34f2c275b7a6) Importer(815301076,1909f56bfc062723c751e8b465ee728b)
Start importing Assets/Prefab 1 using Guid(d0964df198317b44887b34f2c275b7a6) Importer(815301076,1909f56bfc062723c751e8b465ee728b)  -> (artifact id: 'f750d163d3ffa38cf90174effffdf03f') in 0.012913 seconds
  Import took 0.042510 seconds .

========================================================================
Received Import Request.
  Time since last request: 5.897521 seconds.
  path: Assets/Animations
  artifactKey: Guid(d0964df198317b44887b34f2c275b7a6) Importer(815301076,1909f56bfc062723c751e8b465ee728b)
Start importing Assets/Animations using Guid(d0964df198317b44887b34f2c275b7a6) Importer(815301076,1909f56bfc062723c751e8b465ee728b)  -> (artifact id: 'c334053c269008ec9811f54550d51688') in 0.013471 seconds
  Import took 0.120864 seconds .

========================================================================
Received Import Request.
  Time since last request: 1.947892 seconds.
  path: Assets/Animations 1
  artifactKey: Guid(9b02f2cdffa093946b7eef613d9f7802) Importer(815301076,1909f56bfc062723c751e8b465ee728b)
Start importing Assets/Animations 1 using Guid(9b02f2cdffa093946b7eef613d9f7802) Importer(815301076,1909f56bfc062723c751e8b465ee728b)  -> (artifact id: 'd03f28ab90fc76cde04a269d7afcf4c1') in 0.002566 seconds
  Import took 0.028463 seconds .

========================================================================
Received Import Request.
  Time since last request: 3.623061 seconds.
  path: Assets/Scripts
  artifactKey: Guid(9b02f2cdffa093946b7eef613d9f7802) Importer(815301076,1909f56bfc062723c751e8b465ee728b)
Start importing Assets/Scripts using Guid(9b02f2cdffa093946b7eef613d9f7802) Importer(815301076,1909f56bfc062723c751e8b465ee728b)  -> (artifact id: '88531083ea6f3488ad6715017c4bb7d8') in 0.009689 seconds
  Import took 0.031084 seconds .

========================================================================
Received Import Request.
  Time since last request: 16.755397 seconds.
  path: Assets/Animations 1
  artifactKey: Guid(abfcb353b3f774e4aab8f40d1a5b7a18) Importer(815301076,1909f56bfc062723c751e8b465ee728b)
Start importing Assets/Animations 1 using Guid(abfcb353b3f774e4aab8f40d1a5b7a18) Importer(815301076,1909f56bfc062723c751e8b465ee728b)  -> (artifact id: 'a74d056e20e39f191a941b2b2df8e680') in 0.005447 seconds
  Import took 0.048846 seconds .

========================================================================
Received Import Request.
  Time since last request: 2.233967 seconds.
  path: Assets/Assets
  artifactKey: Guid(abfcb353b3f774e4aab8f40d1a5b7a18) Importer(815301076,1909f56bfc062723c751e8b465ee728b)
Start importing Assets/Assets using Guid(abfcb353b3f774e4aab8f40d1a5b7a18) Importer(815301076,1909f56bfc062723c751e8b465ee728b)  -> (artifact id: '99af8ee9f337523a6e01c3fe575c942f') in 0.012210 seconds
  Import took 0.118341 seconds .

AssetImportWorkerClient::OnTransportError - code=2 error=End of file
